---------------------------------------------------------------
[ 2017-08-20T14:39:09+08:00 ] ::1 ::1 GET /index/user/account
[ info ] www.xiangmu.com/index/user/account [运行时间：1.158066s][吞吐率：0.86req/s] [内存消耗：2,083.95kb] [文件加载：49]
[ info ] [ LANG ] D:\wamp\www\dingcan\dingcan\thinkphp\lang\zh-cn.php
[ info ] [ ROUTE ] array (
  'type' => 'module',
  'module' => 
  array (
    0 => 'index',
    1 => 'user',
    2 => 'account',
  ),
)
[ info ] [ HEADER ] array (
  'host' => 'www.xiangmu.com',
  'connection' => 'keep-alive',
  'upgrade-insecure-requests' => '1',
  'user-agent' => 'Mozilla/5.0 (Windows NT 6.1) AppleWebKit/537.36 (KHTML, like Gecko) Chrome/58.0.3029.110 Safari/537.36',
  'accept' => 'text/html,application/xhtml+xml,application/xml;q=0.9,image/webp,*/*;q=0.8',
  'accept-encoding' => 'gzip, deflate, sdch',
  'accept-language' => 'zh-CN,zh;q=0.8',
)
[ info ] [ PARAM ] array (
)
[ info ] [ RUN ] app\index\controller\User->account[ D:\wamp\www\dingcan\dingcan\application\index\controller\User.php ]
[ info ] [ VIEW ] D:\wamp\www\dingcan\dingcan\public/../application/index\view\user\account.html [ array (
) ]
[ info ] [ LOG ] INIT File
---------------------------------------------------------------
[ 2017-08-20T14:39:10+08:00 ] ::1 ::1 GET /static/images/help-ico.png
[ info ] www.xiangmu.com/static/images/help-ico.png [运行时间：0.235014s][吞吐率：4.26req/s] [内存消耗：1,580.78kb] [文件加载：40]
[ info ] [ LANG ] D:\wamp\www\dingcan\dingcan\thinkphp\lang\zh-cn.php
[ info ] [ ROUTE ] array (
  'type' => 'module',
  'module' => 
  array (
    0 => 'static',
    1 => 'images',
    2 => 'help-ico.png',
  ),
)
[ info ] [ HEADER ] array (
  'host' => 'www.xiangmu.com',
  'connection' => 'keep-alive',
  'user-agent' => 'Mozilla/5.0 (Windows NT 6.1) AppleWebKit/537.36 (KHTML, like Gecko) Chrome/58.0.3029.110 Safari/537.36',
  'accept' => 'image/webp,image/*,*/*;q=0.8',
  'referer' => 'http://www.xiangmu.com/static/css/style.css',
  'accept-encoding' => 'gzip, deflate, sdch',
  'accept-language' => 'zh-CN,zh;q=0.8',
)
[ info ] [ PARAM ] array (
)
[ info ] [ LOG ] INIT File
---------------------------------------------------------------
[ 2017-08-20T14:39:10+08:00 ] ::1 ::1 GET /static/images/search_ico.png
[ info ] www.xiangmu.com/static/images/search_ico.png [运行时间：0.243014s][吞吐率：4.11req/s] [内存消耗：1,580.78kb] [文件加载：40]
[ info ] [ LANG ] D:\wamp\www\dingcan\dingcan\thinkphp\lang\zh-cn.php
[ info ] [ ROUTE ] array (
  'type' => 'module',
  'module' => 
  array (
    0 => 'static',
    1 => 'images',
    2 => 'search_ico.png',
  ),
)
[ info ] [ HEADER ] array (
  'host' => 'www.xiangmu.com',
  'connection' => 'keep-alive',
  'user-agent' => 'Mozilla/5.0 (Windows NT 6.1) AppleWebKit/537.36 (KHTML, like Gecko) Chrome/58.0.3029.110 Safari/537.36',
  'accept' => 'image/webp,image/*,*/*;q=0.8',
  'referer' => 'http://www.xiangmu.com/static/css/style.css',
  'accept-encoding' => 'gzip, deflate, sdch',
  'accept-language' => 'zh-CN,zh;q=0.8',
)
[ info ] [ PARAM ] array (
)
[ info ] [ LOG ] INIT File
---------------------------------------------------------------
[ 2017-08-20T14:39:13+08:00 ] ::1 ::1 GET /index/user/account
[ info ] www.xiangmu.com/index/user/account [运行时间：0.053003s][吞吐率：18.87req/s] [内存消耗：1,910.54kb] [文件加载：47]
[ info ] [ LANG ] D:\wamp\www\dingcan\dingcan\thinkphp\lang\zh-cn.php
[ info ] [ ROUTE ] array (
  'type' => 'module',
  'module' => 
  array (
    0 => 'index',
    1 => 'user',
    2 => 'account',
  ),
)
[ info ] [ HEADER ] array (
  'host' => 'www.xiangmu.com',
  'connection' => 'keep-alive',
  'cache-control' => 'max-age=0',
  'upgrade-insecure-requests' => '1',
  'user-agent' => 'Mozilla/5.0 (Windows NT 6.1) AppleWebKit/537.36 (KHTML, like Gecko) Chrome/58.0.3029.110 Safari/537.36',
  'accept' => 'text/html,application/xhtml+xml,application/xml;q=0.9,image/webp,*/*;q=0.8',
  'accept-encoding' => 'gzip, deflate, sdch',
  'accept-language' => 'zh-CN,zh;q=0.8',
)
[ info ] [ PARAM ] array (
)
[ info ] [ RUN ] app\index\controller\User->account[ D:\wamp\www\dingcan\dingcan\application\index\controller\User.php ]
[ info ] [ VIEW ] D:\wamp\www\dingcan\dingcan\public/../application/index\view\user\account.html [ array (
) ]
[ info ] [ LOG ] INIT File
---------------------------------------------------------------
[ 2017-08-20T14:39:13+08:00 ] ::1 ::1 GET /static/images/help-ico.png
[ info ] www.xiangmu.com/static/images/help-ico.png [运行时间：0.037002s][吞吐率：27.03req/s] [内存消耗：1,580.78kb] [文件加载：40]
[ info ] [ LANG ] D:\wamp\www\dingcan\dingcan\thinkphp\lang\zh-cn.php
[ info ] [ ROUTE ] array (
  'type' => 'module',
  'module' => 
  array (
    0 => 'static',
    1 => 'images',
    2 => 'help-ico.png',
  ),
)
[ info ] [ HEADER ] array (
  'host' => 'www.xiangmu.com',
  'connection' => 'keep-alive',
  'user-agent' => 'Mozilla/5.0 (Windows NT 6.1) AppleWebKit/537.36 (KHTML, like Gecko) Chrome/58.0.3029.110 Safari/537.36',
  'accept' => 'image/webp,image/*,*/*;q=0.8',
  'referer' => 'http://www.xiangmu.com/static/css/style.css',
  'accept-encoding' => 'gzip, deflate, sdch',
  'accept-language' => 'zh-CN,zh;q=0.8',
)
[ info ] [ PARAM ] array (
)
[ info ] [ LOG ] INIT File
---------------------------------------------------------------
[ 2017-08-20T14:39:13+08:00 ] ::1 ::1 GET /static/images/search_ico.png
[ info ] www.xiangmu.com/static/images/search_ico.png [运行时间：0.055003s][吞吐率：18.18req/s] [内存消耗：1,580.78kb] [文件加载：40]
[ info ] [ LANG ] D:\wamp\www\dingcan\dingcan\thinkphp\lang\zh-cn.php
[ info ] [ ROUTE ] array (
  'type' => 'module',
  'module' => 
  array (
    0 => 'static',
    1 => 'images',
    2 => 'search_ico.png',
  ),
)
[ info ] [ HEADER ] array (
  'host' => 'www.xiangmu.com',
  'connection' => 'keep-alive',
  'user-agent' => 'Mozilla/5.0 (Windows NT 6.1) AppleWebKit/537.36 (KHTML, like Gecko) Chrome/58.0.3029.110 Safari/537.36',
  'accept' => 'image/webp,image/*,*/*;q=0.8',
  'referer' => 'http://www.xiangmu.com/static/css/style.css',
  'accept-encoding' => 'gzip, deflate, sdch',
  'accept-language' => 'zh-CN,zh;q=0.8',
)
[ info ] [ PARAM ] array (
)
[ info ] [ LOG ] INIT File
---------------------------------------------------------------
[ 2017-08-20T14:39:45+08:00 ] ::1 ::1 GET /index/user/account
[ info ] www.xiangmu.com/index/user/account [运行时间：0.070004s][吞吐率：14.28req/s] [内存消耗：2,084.08kb] [文件加载：49]
[ info ] [ LANG ] D:\wamp\www\dingcan\dingcan\thinkphp\lang\zh-cn.php
[ info ] [ ROUTE ] array (
  'type' => 'module',
  'module' => 
  array (
    0 => 'index',
    1 => 'user',
    2 => 'account',
  ),
)
[ info ] [ HEADER ] array (
  'host' => 'www.xiangmu.com',
  'connection' => 'keep-alive',
  'cache-control' => 'max-age=0',
  'upgrade-insecure-requests' => '1',
  'user-agent' => 'Mozilla/5.0 (Windows NT 6.1) AppleWebKit/537.36 (KHTML, like Gecko) Chrome/58.0.3029.110 Safari/537.36',
  'accept' => 'text/html,application/xhtml+xml,application/xml;q=0.9,image/webp,*/*;q=0.8',
  'accept-encoding' => 'gzip, deflate, sdch',
  'accept-language' => 'zh-CN,zh;q=0.8',
)
[ info ] [ PARAM ] array (
)
[ info ] [ RUN ] app\index\controller\User->account[ D:\wamp\www\dingcan\dingcan\application\index\controller\User.php ]
[ info ] [ VIEW ] D:\wamp\www\dingcan\dingcan\public/../application/index\view\user\account.html [ array (
) ]
[ info ] [ LOG ] INIT File
---------------------------------------------------------------
[ 2017-08-20T14:39:45+08:00 ] ::1 ::1 GET /static/images/search_ico.png
[ info ] www.xiangmu.com/static/images/search_ico.png [运行时间：0.037002s][吞吐率：27.03req/s] [内存消耗：1,580.78kb] [文件加载：40]
[ info ] [ LANG ] D:\wamp\www\dingcan\dingcan\thinkphp\lang\zh-cn.php
[ info ] [ ROUTE ] array (
  'type' => 'module',
  'module' => 
  array (
    0 => 'static',
    1 => 'images',
    2 => 'search_ico.png',
  ),
)
[ info ] [ HEADER ] array (
  'host' => 'www.xiangmu.com',
  'connection' => 'keep-alive',
  'user-agent' => 'Mozilla/5.0 (Windows NT 6.1) AppleWebKit/537.36 (KHTML, like Gecko) Chrome/58.0.3029.110 Safari/537.36',
  'accept' => 'image/webp,image/*,*/*;q=0.8',
  'referer' => 'http://www.xiangmu.com/static/css/style.css',
  'accept-encoding' => 'gzip, deflate, sdch',
  'accept-language' => 'zh-CN,zh;q=0.8',
)
[ info ] [ PARAM ] array (
)
[ info ] [ LOG ] INIT File
---------------------------------------------------------------
[ 2017-08-20T14:39:45+08:00 ] ::1 ::1 GET /static/images/help-ico.png
[ info ] www.xiangmu.com/static/images/help-ico.png [运行时间：0.039002s][吞吐率：25.64req/s] [内存消耗：1,580.78kb] [文件加载：40]
[ info ] [ LANG ] D:\wamp\www\dingcan\dingcan\thinkphp\lang\zh-cn.php
[ info ] [ ROUTE ] array (
  'type' => 'module',
  'module' => 
  array (
    0 => 'static',
    1 => 'images',
    2 => 'help-ico.png',
  ),
)
[ info ] [ HEADER ] array (
  'host' => 'www.xiangmu.com',
  'connection' => 'keep-alive',
  'user-agent' => 'Mozilla/5.0 (Windows NT 6.1) AppleWebKit/537.36 (KHTML, like Gecko) Chrome/58.0.3029.110 Safari/537.36',
  'accept' => 'image/webp,image/*,*/*;q=0.8',
  'referer' => 'http://www.xiangmu.com/static/css/style.css',
  'accept-encoding' => 'gzip, deflate, sdch',
  'accept-language' => 'zh-CN,zh;q=0.8',
)
[ info ] [ PARAM ] array (
)
[ info ] [ LOG ] INIT File
---------------------------------------------------------------
[ 2017-08-20T14:39:46+08:00 ] ::1 ::1 GET /index/user/account
[ info ] www.xiangmu.com/index/user/account [运行时间：0.053003s][吞吐率：18.87req/s] [内存消耗：1,910.54kb] [文件加载：47]
[ info ] [ LANG ] D:\wamp\www\dingcan\dingcan\thinkphp\lang\zh-cn.php
[ info ] [ ROUTE ] array (
  'type' => 'module',
  'module' => 
  array (
    0 => 'index',
    1 => 'user',
    2 => 'account',
  ),
)
[ info ] [ HEADER ] array (
  'host' => 'www.xiangmu.com',
  'connection' => 'keep-alive',
  'cache-control' => 'max-age=0',
  'upgrade-insecure-requests' => '1',
  'user-agent' => 'Mozilla/5.0 (Windows NT 6.1) AppleWebKit/537.36 (KHTML, like Gecko) Chrome/58.0.3029.110 Safari/537.36',
  'accept' => 'text/html,application/xhtml+xml,application/xml;q=0.9,image/webp,*/*;q=0.8',
  'accept-encoding' => 'gzip, deflate, sdch',
  'accept-language' => 'zh-CN,zh;q=0.8',
)
[ info ] [ PARAM ] array (
)
[ info ] [ RUN ] app\index\controller\User->account[ D:\wamp\www\dingcan\dingcan\application\index\controller\User.php ]
[ info ] [ VIEW ] D:\wamp\www\dingcan\dingcan\public/../application/index\view\user\account.html [ array (
) ]
[ info ] [ LOG ] INIT File
---------------------------------------------------------------
[ 2017-08-20T14:39:46+08:00 ] ::1 ::1 GET /static/images/search_ico.png
[ info ] www.xiangmu.com/static/images/search_ico.png [运行时间：0.036002s][吞吐率：27.78req/s] [内存消耗：1,580.78kb] [文件加载：40]
[ info ] [ LANG ] D:\wamp\www\dingcan\dingcan\thinkphp\lang\zh-cn.php
[ info ] [ ROUTE ] array (
  'type' => 'module',
  'module' => 
  array (
    0 => 'static',
    1 => 'images',
    2 => 'search_ico.png',
  ),
)
[ info ] [ HEADER ] array (
  'host' => 'www.xiangmu.com',
  'connection' => 'keep-alive',
  'user-agent' => 'Mozilla/5.0 (Windows NT 6.1) AppleWebKit/537.36 (KHTML, like Gecko) Chrome/58.0.3029.110 Safari/537.36',
  'accept' => 'image/webp,image/*,*/*;q=0.8',
  'referer' => 'http://www.xiangmu.com/static/css/style.css',
  'accept-encoding' => 'gzip, deflate, sdch',
  'accept-language' => 'zh-CN,zh;q=0.8',
)
[ info ] [ PARAM ] array (
)
[ info ] [ LOG ] INIT File
---------------------------------------------------------------
[ 2017-08-20T14:39:46+08:00 ] ::1 ::1 GET /static/images/help-ico.png
[ info ] www.xiangmu.com/static/images/help-ico.png [运行时间：0.045002s][吞吐率：22.22req/s] [内存消耗：1,580.78kb] [文件加载：40]
[ info ] [ LANG ] D:\wamp\www\dingcan\dingcan\thinkphp\lang\zh-cn.php
[ info ] [ ROUTE ] array (
  'type' => 'module',
  'module' => 
  array (
    0 => 'static',
    1 => 'images',
    2 => 'help-ico.png',
  ),
)
[ info ] [ HEADER ] array (
  'host' => 'www.xiangmu.com',
  'connection' => 'keep-alive',
  'user-agent' => 'Mozilla/5.0 (Windows NT 6.1) AppleWebKit/537.36 (KHTML, like Gecko) Chrome/58.0.3029.110 Safari/537.36',
  'accept' => 'image/webp,image/*,*/*;q=0.8',
  'referer' => 'http://www.xiangmu.com/static/css/style.css',
  'accept-encoding' => 'gzip, deflate, sdch',
  'accept-language' => 'zh-CN,zh;q=0.8',
)
[ info ] [ PARAM ] array (
)
[ info ] [ LOG ] INIT File
---------------------------------------------------------------
[ 2017-08-20T14:39:46+08:00 ] ::1 ::1 GET /index/user/account
[ info ] www.xiangmu.com/index/user/account [运行时间：0.046003s][吞吐率：21.74req/s] [内存消耗：1,910.54kb] [文件加载：47]
[ info ] [ LANG ] D:\wamp\www\dingcan\dingcan\thinkphp\lang\zh-cn.php
[ info ] [ ROUTE ] array (
  'type' => 'module',
  'module' => 
  array (
    0 => 'index',
    1 => 'user',
    2 => 'account',
  ),
)
[ info ] [ HEADER ] array (
  'host' => 'www.xiangmu.com',
  'connection' => 'keep-alive',
  'cache-control' => 'max-age=0',
  'upgrade-insecure-requests' => '1',
  'user-agent' => 'Mozilla/5.0 (Windows NT 6.1) AppleWebKit/537.36 (KHTML, like Gecko) Chrome/58.0.3029.110 Safari/537.36',
  'accept' => 'text/html,application/xhtml+xml,application/xml;q=0.9,image/webp,*/*;q=0.8',
  'accept-encoding' => 'gzip, deflate, sdch',
  'accept-language' => 'zh-CN,zh;q=0.8',
)
[ info ] [ PARAM ] array (
)
[ info ] [ RUN ] app\index\controller\User->account[ D:\wamp\www\dingcan\dingcan\application\index\controller\User.php ]
[ info ] [ VIEW ] D:\wamp\www\dingcan\dingcan\public/../application/index\view\user\account.html [ array (
) ]
[ info ] [ LOG ] INIT File
---------------------------------------------------------------
[ 2017-08-20T14:39:47+08:00 ] ::1 ::1 GET /index/user/account
[ info ] www.xiangmu.com/index/user/account [运行时间：0.056003s][吞吐率：17.86req/s] [内存消耗：1,910.54kb] [文件加载：47]
[ info ] [ LANG ] D:\wamp\www\dingcan\dingcan\thinkphp\lang\zh-cn.php
[ info ] [ ROUTE ] array (
  'type' => 'module',
  'module' => 
  array (
    0 => 'index',
    1 => 'user',
    2 => 'account',
  ),
)
[ info ] [ HEADER ] array (
  'host' => 'www.xiangmu.com',
  'connection' => 'keep-alive',
  'cache-control' => 'max-age=0',
  'upgrade-insecure-requests' => '1',
  'user-agent' => 'Mozilla/5.0 (Windows NT 6.1) AppleWebKit/537.36 (KHTML, like Gecko) Chrome/58.0.3029.110 Safari/537.36',
  'accept' => 'text/html,application/xhtml+xml,application/xml;q=0.9,image/webp,*/*;q=0.8',
  'accept-encoding' => 'gzip, deflate, sdch',
  'accept-language' => 'zh-CN,zh;q=0.8',
)
[ info ] [ PARAM ] array (
)
[ info ] [ RUN ] app\index\controller\User->account[ D:\wamp\www\dingcan\dingcan\application\index\controller\User.php ]
[ info ] [ VIEW ] D:\wamp\www\dingcan\dingcan\public/../application/index\view\user\account.html [ array (
) ]
[ info ] [ LOG ] INIT File
---------------------------------------------------------------
[ 2017-08-20T14:48:32+08:00 ] ::1 ::1 GET /index/user/account
[ info ] www.xiangmu.com/index/user/account [运行时间：0.073004s][吞吐率：13.70req/s] [内存消耗：2,084.08kb] [文件加载：49]
[ info ] [ LANG ] D:\wamp\www\dingcan\dingcan\thinkphp\lang\zh-cn.php
[ info ] [ ROUTE ] array (
  'type' => 'module',
  'module' => 
  array (
    0 => 'index',
    1 => 'user',
    2 => 'account',
  ),
)
[ info ] [ HEADER ] array (
  'host' => 'www.xiangmu.com',
  'connection' => 'keep-alive',
  'cache-control' => 'max-age=0',
  'upgrade-insecure-requests' => '1',
  'user-agent' => 'Mozilla/5.0 (Windows NT 6.1) AppleWebKit/537.36 (KHTML, like Gecko) Chrome/58.0.3029.110 Safari/537.36',
  'accept' => 'text/html,application/xhtml+xml,application/xml;q=0.9,image/webp,*/*;q=0.8',
  'accept-encoding' => 'gzip, deflate, sdch',
  'accept-language' => 'zh-CN,zh;q=0.8',
)
[ info ] [ PARAM ] array (
)
[ info ] [ RUN ] app\index\controller\User->account[ D:\wamp\www\dingcan\dingcan\application\index\controller\User.php ]
[ info ] [ VIEW ] D:\wamp\www\dingcan\dingcan\public/../application/index\view\user\account.html [ array (
) ]
[ info ] [ LOG ] INIT File
---------------------------------------------------------------
[ 2017-08-20T14:49:10+08:00 ] ::1 ::1 GET /index/user/account
[ info ] www.xiangmu.com/index/user/account [运行时间：0.111006s][吞吐率：9.01req/s] [内存消耗：2,084.08kb] [文件加载：49]
[ info ] [ LANG ] D:\wamp\www\dingcan\dingcan\thinkphp\lang\zh-cn.php
[ info ] [ ROUTE ] array (
  'type' => 'module',
  'module' => 
  array (
    0 => 'index',
    1 => 'user',
    2 => 'account',
  ),
)
[ info ] [ HEADER ] array (
  'host' => 'www.xiangmu.com',
  'connection' => 'keep-alive',
  'cache-control' => 'max-age=0',
  'upgrade-insecure-requests' => '1',
  'user-agent' => 'Mozilla/5.0 (Windows NT 6.1) AppleWebKit/537.36 (KHTML, like Gecko) Chrome/58.0.3029.110 Safari/537.36',
  'accept' => 'text/html,application/xhtml+xml,application/xml;q=0.9,image/webp,*/*;q=0.8',
  'accept-encoding' => 'gzip, deflate, sdch',
  'accept-language' => 'zh-CN,zh;q=0.8',
)
[ info ] [ PARAM ] array (
)
[ info ] [ RUN ] app\index\controller\User->account[ D:\wamp\www\dingcan\dingcan\application\index\controller\User.php ]
[ info ] [ VIEW ] D:\wamp\www\dingcan\dingcan\public/../application/index\view\user\account.html [ array (
) ]
[ info ] [ LOG ] INIT File
---------------------------------------------------------------
[ 2017-08-20T14:49:11+08:00 ] ::1 ::1 GET /index/user/account
[ info ] www.xiangmu.com/index/user/account [运行时间：0.088005s][吞吐率：11.36req/s] [内存消耗：1,910.54kb] [文件加载：47]
[ info ] [ LANG ] D:\wamp\www\dingcan\dingcan\thinkphp\lang\zh-cn.php
[ info ] [ ROUTE ] array (
  'type' => 'module',
  'module' => 
  array (
    0 => 'index',
    1 => 'user',
    2 => 'account',
  ),
)
[ info ] [ HEADER ] array (
  'host' => 'www.xiangmu.com',
  'connection' => 'keep-alive',
  'cache-control' => 'max-age=0',
  'upgrade-insecure-requests' => '1',
  'user-agent' => 'Mozilla/5.0 (Windows NT 6.1) AppleWebKit/537.36 (KHTML, like Gecko) Chrome/58.0.3029.110 Safari/537.36',
  'accept' => 'text/html,application/xhtml+xml,application/xml;q=0.9,image/webp,*/*;q=0.8',
  'accept-encoding' => 'gzip, deflate, sdch',
  'accept-language' => 'zh-CN,zh;q=0.8',
)
[ info ] [ PARAM ] array (
)
[ info ] [ RUN ] app\index\controller\User->account[ D:\wamp\www\dingcan\dingcan\application\index\controller\User.php ]
[ info ] [ VIEW ] D:\wamp\www\dingcan\dingcan\public/../application/index\view\user\account.html [ array (
) ]
[ info ] [ LOG ] INIT File
---------------------------------------------------------------
[ 2017-08-20T14:49:12+08:00 ] ::1 ::1 GET /index/user/account
[ info ] www.xiangmu.com/index/user/account [运行时间：0.059003s][吞吐率：16.95req/s] [内存消耗：1,910.54kb] [文件加载：47]
[ info ] [ LANG ] D:\wamp\www\dingcan\dingcan\thinkphp\lang\zh-cn.php
[ info ] [ ROUTE ] array (
  'type' => 'module',
  'module' => 
  array (
    0 => 'index',
    1 => 'user',
    2 => 'account',
  ),
)
[ info ] [ HEADER ] array (
  'host' => 'www.xiangmu.com',
  'connection' => 'keep-alive',
  'cache-control' => 'max-age=0',
  'upgrade-insecure-requests' => '1',
  'user-agent' => 'Mozilla/5.0 (Windows NT 6.1) AppleWebKit/537.36 (KHTML, like Gecko) Chrome/58.0.3029.110 Safari/537.36',
  'accept' => 'text/html,application/xhtml+xml,application/xml;q=0.9,image/webp,*/*;q=0.8',
  'accept-encoding' => 'gzip, deflate, sdch',
  'accept-language' => 'zh-CN,zh;q=0.8',
)
[ info ] [ PARAM ] array (
)
[ info ] [ RUN ] app\index\controller\User->account[ D:\wamp\www\dingcan\dingcan\application\index\controller\User.php ]
[ info ] [ VIEW ] D:\wamp\www\dingcan\dingcan\public/../application/index\view\user\account.html [ array (
) ]
[ info ] [ LOG ] INIT File
---------------------------------------------------------------
[ 2017-08-20T14:49:19+08:00 ] ::1 ::1 GET /index/user/account
[ info ] www.xiangmu.com/index/user/account [运行时间：0.066004s][吞吐率：15.15req/s] [内存消耗：2,084.08kb] [文件加载：49]
[ info ] [ LANG ] D:\wamp\www\dingcan\dingcan\thinkphp\lang\zh-cn.php
[ info ] [ ROUTE ] array (
  'type' => 'module',
  'module' => 
  array (
    0 => 'index',
    1 => 'user',
    2 => 'account',
  ),
)
[ info ] [ HEADER ] array (
  'host' => 'www.xiangmu.com',
  'connection' => 'keep-alive',
  'cache-control' => 'max-age=0',
  'upgrade-insecure-requests' => '1',
  'user-agent' => 'Mozilla/5.0 (Windows NT 6.1) AppleWebKit/537.36 (KHTML, like Gecko) Chrome/58.0.3029.110 Safari/537.36',
  'accept' => 'text/html,application/xhtml+xml,application/xml;q=0.9,image/webp,*/*;q=0.8',
  'accept-encoding' => 'gzip, deflate, sdch',
  'accept-language' => 'zh-CN,zh;q=0.8',
)
[ info ] [ PARAM ] array (
)
[ info ] [ RUN ] app\index\controller\User->account[ D:\wamp\www\dingcan\dingcan\application\index\controller\User.php ]
[ info ] [ VIEW ] D:\wamp\www\dingcan\dingcan\public/../application/index\view\user\account.html [ array (
) ]
[ info ] [ LOG ] INIT File
---------------------------------------------------------------
[ 2017-08-20T14:49:31+08:00 ] ::1 ::1 GET /index/user/account
[ info ] www.xiangmu.com/index/user/account [运行时间：0.077005s][吞吐率：12.99req/s] [内存消耗：2,084.08kb] [文件加载：49]
[ info ] [ LANG ] D:\wamp\www\dingcan\dingcan\thinkphp\lang\zh-cn.php
[ info ] [ ROUTE ] array (
  'type' => 'module',
  'module' => 
  array (
    0 => 'index',
    1 => 'user',
    2 => 'account',
  ),
)
[ info ] [ HEADER ] array (
  'host' => 'www.xiangmu.com',
  'connection' => 'keep-alive',
  'cache-control' => 'max-age=0',
  'upgrade-insecure-requests' => '1',
  'user-agent' => 'Mozilla/5.0 (Windows NT 6.1) AppleWebKit/537.36 (KHTML, like Gecko) Chrome/58.0.3029.110 Safari/537.36',
  'accept' => 'text/html,application/xhtml+xml,application/xml;q=0.9,image/webp,*/*;q=0.8',
  'accept-encoding' => 'gzip, deflate, sdch',
  'accept-language' => 'zh-CN,zh;q=0.8',
)
[ info ] [ PARAM ] array (
)
[ info ] [ RUN ] app\index\controller\User->account[ D:\wamp\www\dingcan\dingcan\application\index\controller\User.php ]
[ info ] [ VIEW ] D:\wamp\www\dingcan\dingcan\public/../application/index\view\user\account.html [ array (
) ]
[ info ] [ LOG ] INIT File
---------------------------------------------------------------
[ 2017-08-20T14:49:32+08:00 ] ::1 ::1 GET /index/user/account
[ info ] www.xiangmu.com/index/user/account [运行时间：0.049003s][吞吐率：20.41req/s] [内存消耗：1,910.54kb] [文件加载：47]
[ info ] [ LANG ] D:\wamp\www\dingcan\dingcan\thinkphp\lang\zh-cn.php
[ info ] [ ROUTE ] array (
  'type' => 'module',
  'module' => 
  array (
    0 => 'index',
    1 => 'user',
    2 => 'account',
  ),
)
[ info ] [ HEADER ] array (
  'host' => 'www.xiangmu.com',
  'connection' => 'keep-alive',
  'cache-control' => 'max-age=0',
  'upgrade-insecure-requests' => '1',
  'user-agent' => 'Mozilla/5.0 (Windows NT 6.1) AppleWebKit/537.36 (KHTML, like Gecko) Chrome/58.0.3029.110 Safari/537.36',
  'accept' => 'text/html,application/xhtml+xml,application/xml;q=0.9,image/webp,*/*;q=0.8',
  'accept-encoding' => 'gzip, deflate, sdch',
  'accept-language' => 'zh-CN,zh;q=0.8',
)
[ info ] [ PARAM ] array (
)
[ info ] [ RUN ] app\index\controller\User->account[ D:\wamp\www\dingcan\dingcan\application\index\controller\User.php ]
[ info ] [ VIEW ] D:\wamp\www\dingcan\dingcan\public/../application/index\view\user\account.html [ array (
) ]
[ info ] [ LOG ] INIT File
---------------------------------------------------------------
[ 2017-08-20T14:49:33+08:00 ] ::1 ::1 GET /index/user/account
[ info ] www.xiangmu.com/index/user/account [运行时间：0.067004s][吞吐率：14.92req/s] [内存消耗：1,910.54kb] [文件加载：47]
[ info ] [ LANG ] D:\wamp\www\dingcan\dingcan\thinkphp\lang\zh-cn.php
[ info ] [ ROUTE ] array (
  'type' => 'module',
  'module' => 
  array (
    0 => 'index',
    1 => 'user',
    2 => 'account',
  ),
)
[ info ] [ HEADER ] array (
  'host' => 'www.xiangmu.com',
  'connection' => 'keep-alive',
  'cache-control' => 'max-age=0',
  'upgrade-insecure-requests' => '1',
  'user-agent' => 'Mozilla/5.0 (Windows NT 6.1) AppleWebKit/537.36 (KHTML, like Gecko) Chrome/58.0.3029.110 Safari/537.36',
  'accept' => 'text/html,application/xhtml+xml,application/xml;q=0.9,image/webp,*/*;q=0.8',
  'accept-encoding' => 'gzip, deflate, sdch',
  'accept-language' => 'zh-CN,zh;q=0.8',
)
[ info ] [ PARAM ] array (
)
[ info ] [ RUN ] app\index\controller\User->account[ D:\wamp\www\dingcan\dingcan\application\index\controller\User.php ]
[ info ] [ VIEW ] D:\wamp\www\dingcan\dingcan\public/../application/index\view\user\account.html [ array (
) ]
[ info ] [ LOG ] INIT File
---------------------------------------------------------------
[ 2017-08-20T14:49:33+08:00 ] ::1 ::1 GET /index/user/account
[ info ] www.xiangmu.com/index/user/account [运行时间：0.045002s][吞吐率：22.22req/s] [内存消耗：1,910.54kb] [文件加载：47]
[ info ] [ LANG ] D:\wamp\www\dingcan\dingcan\thinkphp\lang\zh-cn.php
[ info ] [ ROUTE ] array (
  'type' => 'module',
  'module' => 
  array (
    0 => 'index',
    1 => 'user',
    2 => 'account',
  ),
)
[ info ] [ HEADER ] array (
  'host' => 'www.xiangmu.com',
  'connection' => 'keep-alive',
  'cache-control' => 'max-age=0',
  'upgrade-insecure-requests' => '1',
  'user-agent' => 'Mozilla/5.0 (Windows NT 6.1) AppleWebKit/537.36 (KHTML, like Gecko) Chrome/58.0.3029.110 Safari/537.36',
  'accept' => 'text/html,application/xhtml+xml,application/xml;q=0.9,image/webp,*/*;q=0.8',
  'accept-encoding' => 'gzip, deflate, sdch',
  'accept-language' => 'zh-CN,zh;q=0.8',
)
[ info ] [ PARAM ] array (
)
[ info ] [ RUN ] app\index\controller\User->account[ D:\wamp\www\dingcan\dingcan\application\index\controller\User.php ]
[ info ] [ VIEW ] D:\wamp\www\dingcan\dingcan\public/../application/index\view\user\account.html [ array (
) ]
[ info ] [ LOG ] INIT File
---------------------------------------------------------------
[ 2017-08-20T14:50:11+08:00 ] ::1 ::1 GET /index/user/account
[ info ] www.xiangmu.com/index/user/account [运行时间：0.069004s][吞吐率：14.49req/s] [内存消耗：2,084.08kb] [文件加载：49]
[ info ] [ LANG ] D:\wamp\www\dingcan\dingcan\thinkphp\lang\zh-cn.php
[ info ] [ ROUTE ] array (
  'type' => 'module',
  'module' => 
  array (
    0 => 'index',
    1 => 'user',
    2 => 'account',
  ),
)
[ info ] [ HEADER ] array (
  'host' => 'www.xiangmu.com',
  'connection' => 'keep-alive',
  'cache-control' => 'max-age=0',
  'upgrade-insecure-requests' => '1',
  'user-agent' => 'Mozilla/5.0 (Windows NT 6.1) AppleWebKit/537.36 (KHTML, like Gecko) Chrome/58.0.3029.110 Safari/537.36',
  'accept' => 'text/html,application/xhtml+xml,application/xml;q=0.9,image/webp,*/*;q=0.8',
  'accept-encoding' => 'gzip, deflate, sdch',
  'accept-language' => 'zh-CN,zh;q=0.8',
)
[ info ] [ PARAM ] array (
)
[ info ] [ RUN ] app\index\controller\User->account[ D:\wamp\www\dingcan\dingcan\application\index\controller\User.php ]
[ info ] [ VIEW ] D:\wamp\www\dingcan\dingcan\public/../application/index\view\user\account.html [ array (
) ]
[ info ] [ LOG ] INIT File
---------------------------------------------------------------
[ 2017-08-20T14:50:16+08:00 ] ::1 ::1 GET /index/user/account
[ info ] www.xiangmu.com/index/user/account [运行时间：0.072004s][吞吐率：13.89req/s] [内存消耗：2,084.08kb] [文件加载：49]
[ info ] [ LANG ] D:\wamp\www\dingcan\dingcan\thinkphp\lang\zh-cn.php
[ info ] [ ROUTE ] array (
  'type' => 'module',
  'module' => 
  array (
    0 => 'index',
    1 => 'user',
    2 => 'account',
  ),
)
[ info ] [ HEADER ] array (
  'host' => 'www.xiangmu.com',
  'connection' => 'keep-alive',
  'cache-control' => 'max-age=0',
  'upgrade-insecure-requests' => '1',
  'user-agent' => 'Mozilla/5.0 (Windows NT 6.1) AppleWebKit/537.36 (KHTML, like Gecko) Chrome/58.0.3029.110 Safari/537.36',
  'accept' => 'text/html,application/xhtml+xml,application/xml;q=0.9,image/webp,*/*;q=0.8',
  'accept-encoding' => 'gzip, deflate, sdch',
  'accept-language' => 'zh-CN,zh;q=0.8',
)
[ info ] [ PARAM ] array (
)
[ info ] [ RUN ] app\index\controller\User->account[ D:\wamp\www\dingcan\dingcan\application\index\controller\User.php ]
[ info ] [ VIEW ] D:\wamp\www\dingcan\dingcan\public/../application/index\view\user\account.html [ array (
) ]
[ info ] [ LOG ] INIT File
---------------------------------------------------------------
[ 2017-08-20T14:50:21+08:00 ] ::1 ::1 GET /index/user/account
[ info ] www.xiangmu.com/index/user/account [运行时间：0.072005s][吞吐率：13.89req/s] [内存消耗：2,084.08kb] [文件加载：49]
[ info ] [ LANG ] D:\wamp\www\dingcan\dingcan\thinkphp\lang\zh-cn.php
[ info ] [ ROUTE ] array (
  'type' => 'module',
  'module' => 
  array (
    0 => 'index',
    1 => 'user',
    2 => 'account',
  ),
)
[ info ] [ HEADER ] array (
  'host' => 'www.xiangmu.com',
  'connection' => 'keep-alive',
  'cache-control' => 'max-age=0',
  'upgrade-insecure-requests' => '1',
  'user-agent' => 'Mozilla/5.0 (Windows NT 6.1) AppleWebKit/537.36 (KHTML, like Gecko) Chrome/58.0.3029.110 Safari/537.36',
  'accept' => 'text/html,application/xhtml+xml,application/xml;q=0.9,image/webp,*/*;q=0.8',
  'accept-encoding' => 'gzip, deflate, sdch',
  'accept-language' => 'zh-CN,zh;q=0.8',
)
[ info ] [ PARAM ] array (
)
[ info ] [ RUN ] app\index\controller\User->account[ D:\wamp\www\dingcan\dingcan\application\index\controller\User.php ]
[ info ] [ VIEW ] D:\wamp\www\dingcan\dingcan\public/../application/index\view\user\account.html [ array (
) ]
[ info ] [ LOG ] INIT File
---------------------------------------------------------------
[ 2017-08-20T14:50:22+08:00 ] ::1 ::1 GET /index/user/account
[ info ] www.xiangmu.com/index/user/account [运行时间：0.050003s][吞吐率：20.00req/s] [内存消耗：1,910.54kb] [文件加载：47]
[ info ] [ LANG ] D:\wamp\www\dingcan\dingcan\thinkphp\lang\zh-cn.php
[ info ] [ ROUTE ] array (
  'type' => 'module',
  'module' => 
  array (
    0 => 'index',
    1 => 'user',
    2 => 'account',
  ),
)
[ info ] [ HEADER ] array (
  'host' => 'www.xiangmu.com',
  'connection' => 'keep-alive',
  'cache-control' => 'max-age=0',
  'upgrade-insecure-requests' => '1',
  'user-agent' => 'Mozilla/5.0 (Windows NT 6.1) AppleWebKit/537.36 (KHTML, like Gecko) Chrome/58.0.3029.110 Safari/537.36',
  'accept' => 'text/html,application/xhtml+xml,application/xml;q=0.9,image/webp,*/*;q=0.8',
  'accept-encoding' => 'gzip, deflate, sdch',
  'accept-language' => 'zh-CN,zh;q=0.8',
)
[ info ] [ PARAM ] array (
)
[ info ] [ RUN ] app\index\controller\User->account[ D:\wamp\www\dingcan\dingcan\application\index\controller\User.php ]
[ info ] [ VIEW ] D:\wamp\www\dingcan\dingcan\public/../application/index\view\user\account.html [ array (
) ]
[ info ] [ LOG ] INIT File
---------------------------------------------------------------
[ 2017-08-20T14:50:23+08:00 ] ::1 ::1 GET /index/user/account
[ info ] www.xiangmu.com/index/user/account [运行时间：0.050003s][吞吐率：20.00req/s] [内存消耗：1,910.54kb] [文件加载：47]
[ info ] [ LANG ] D:\wamp\www\dingcan\dingcan\thinkphp\lang\zh-cn.php
[ info ] [ ROUTE ] array (
  'type' => 'module',
  'module' => 
  array (
    0 => 'index',
    1 => 'user',
    2 => 'account',
  ),
)
[ info ] [ HEADER ] array (
  'host' => 'www.xiangmu.com',
  'connection' => 'keep-alive',
  'cache-control' => 'max-age=0',
  'upgrade-insecure-requests' => '1',
  'user-agent' => 'Mozilla/5.0 (Windows NT 6.1) AppleWebKit/537.36 (KHTML, like Gecko) Chrome/58.0.3029.110 Safari/537.36',
  'accept' => 'text/html,application/xhtml+xml,application/xml;q=0.9,image/webp,*/*;q=0.8',
  'accept-encoding' => 'gzip, deflate, sdch',
  'accept-language' => 'zh-CN,zh;q=0.8',
)
[ info ] [ PARAM ] array (
)
[ info ] [ RUN ] app\index\controller\User->account[ D:\wamp\www\dingcan\dingcan\application\index\controller\User.php ]
[ info ] [ VIEW ] D:\wamp\www\dingcan\dingcan\public/../application/index\view\user\account.html [ array (
) ]
[ info ] [ LOG ] INIT File
---------------------------------------------------------------
[ 2017-08-20T14:50:28+08:00 ] ::1 ::1 GET /index/user/account
[ info ] www.xiangmu.com/index/user/account [运行时间：0.063003s][吞吐率：15.87req/s] [内存消耗：2,084.08kb] [文件加载：49]
[ info ] [ LANG ] D:\wamp\www\dingcan\dingcan\thinkphp\lang\zh-cn.php
[ info ] [ ROUTE ] array (
  'type' => 'module',
  'module' => 
  array (
    0 => 'index',
    1 => 'user',
    2 => 'account',
  ),
)
[ info ] [ HEADER ] array (
  'host' => 'www.xiangmu.com',
  'connection' => 'keep-alive',
  'cache-control' => 'max-age=0',
  'upgrade-insecure-requests' => '1',
  'user-agent' => 'Mozilla/5.0 (Windows NT 6.1) AppleWebKit/537.36 (KHTML, like Gecko) Chrome/58.0.3029.110 Safari/537.36',
  'accept' => 'text/html,application/xhtml+xml,application/xml;q=0.9,image/webp,*/*;q=0.8',
  'accept-encoding' => 'gzip, deflate, sdch',
  'accept-language' => 'zh-CN,zh;q=0.8',
)
[ info ] [ PARAM ] array (
)
[ info ] [ RUN ] app\index\controller\User->account[ D:\wamp\www\dingcan\dingcan\application\index\controller\User.php ]
[ info ] [ VIEW ] D:\wamp\www\dingcan\dingcan\public/../application/index\view\user\account.html [ array (
) ]
[ info ] [ LOG ] INIT File
---------------------------------------------------------------
[ 2017-08-20T14:50:33+08:00 ] ::1 ::1 GET /index/user/account
[ info ] www.xiangmu.com/index/user/account [运行时间：0.067003s][吞吐率：14.92req/s] [内存消耗：2,084.08kb] [文件加载：49]
[ info ] [ LANG ] D:\wamp\www\dingcan\dingcan\thinkphp\lang\zh-cn.php
[ info ] [ ROUTE ] array (
  'type' => 'module',
  'module' => 
  array (
    0 => 'index',
    1 => 'user',
    2 => 'account',
  ),
)
[ info ] [ HEADER ] array (
  'host' => 'www.xiangmu.com',
  'connection' => 'keep-alive',
  'cache-control' => 'max-age=0',
  'upgrade-insecure-requests' => '1',
  'user-agent' => 'Mozilla/5.0 (Windows NT 6.1) AppleWebKit/537.36 (KHTML, like Gecko) Chrome/58.0.3029.110 Safari/537.36',
  'accept' => 'text/html,application/xhtml+xml,application/xml;q=0.9,image/webp,*/*;q=0.8',
  'accept-encoding' => 'gzip, deflate, sdch',
  'accept-language' => 'zh-CN,zh;q=0.8',
)
[ info ] [ PARAM ] array (
)
[ info ] [ RUN ] app\index\controller\User->account[ D:\wamp\www\dingcan\dingcan\application\index\controller\User.php ]
[ info ] [ VIEW ] D:\wamp\www\dingcan\dingcan\public/../application/index\view\user\account.html [ array (
) ]
[ info ] [ LOG ] INIT File
---------------------------------------------------------------
[ 2017-08-20T14:50:34+08:00 ] ::1 ::1 GET /index/user/account
[ info ] www.xiangmu.com/index/user/account [运行时间：0.052003s][吞吐率：19.23req/s] [内存消耗：1,910.54kb] [文件加载：47]
[ info ] [ LANG ] D:\wamp\www\dingcan\dingcan\thinkphp\lang\zh-cn.php
[ info ] [ ROUTE ] array (
  'type' => 'module',
  'module' => 
  array (
    0 => 'index',
    1 => 'user',
    2 => 'account',
  ),
)
[ info ] [ HEADER ] array (
  'host' => 'www.xiangmu.com',
  'connection' => 'keep-alive',
  'cache-control' => 'max-age=0',
  'upgrade-insecure-requests' => '1',
  'user-agent' => 'Mozilla/5.0 (Windows NT 6.1) AppleWebKit/537.36 (KHTML, like Gecko) Chrome/58.0.3029.110 Safari/537.36',
  'accept' => 'text/html,application/xhtml+xml,application/xml;q=0.9,image/webp,*/*;q=0.8',
  'accept-encoding' => 'gzip, deflate, sdch',
  'accept-language' => 'zh-CN,zh;q=0.8',
)
[ info ] [ PARAM ] array (
)
[ info ] [ RUN ] app\index\controller\User->account[ D:\wamp\www\dingcan\dingcan\application\index\controller\User.php ]
[ info ] [ VIEW ] D:\wamp\www\dingcan\dingcan\public/../application/index\view\user\account.html [ array (
) ]
[ info ] [ LOG ] INIT File
---------------------------------------------------------------
[ 2017-08-20T14:50:35+08:00 ] ::1 ::1 GET /index/user/account
[ info ] www.xiangmu.com/index/user/account [运行时间：0.043002s][吞吐率：23.25req/s] [内存消耗：1,910.54kb] [文件加载：47]
[ info ] [ LANG ] D:\wamp\www\dingcan\dingcan\thinkphp\lang\zh-cn.php
[ info ] [ ROUTE ] array (
  'type' => 'module',
  'module' => 
  array (
    0 => 'index',
    1 => 'user',
    2 => 'account',
  ),
)
[ info ] [ HEADER ] array (
  'host' => 'www.xiangmu.com',
  'connection' => 'keep-alive',
  'cache-control' => 'max-age=0',
  'upgrade-insecure-requests' => '1',
  'user-agent' => 'Mozilla/5.0 (Windows NT 6.1) AppleWebKit/537.36 (KHTML, like Gecko) Chrome/58.0.3029.110 Safari/537.36',
  'accept' => 'text/html,application/xhtml+xml,application/xml;q=0.9,image/webp,*/*;q=0.8',
  'accept-encoding' => 'gzip, deflate, sdch',
  'accept-language' => 'zh-CN,zh;q=0.8',
)
[ info ] [ PARAM ] array (
)
[ info ] [ RUN ] app\index\controller\User->account[ D:\wamp\www\dingcan\dingcan\application\index\controller\User.php ]
[ info ] [ VIEW ] D:\wamp\www\dingcan\dingcan\public/../application/index\view\user\account.html [ array (
) ]
[ info ] [ LOG ] INIT File
---------------------------------------------------------------
[ 2017-08-20T14:50:41+08:00 ] ::1 ::1 GET /index/user/account?keyword=&x=29&y=18
[ info ] www.xiangmu.com/index/user/account?keyword=&x=29&y=18 [运行时间：0.052003s][吞吐率：19.23req/s] [内存消耗：1,911.36kb] [文件加载：47]
[ info ] [ LANG ] D:\wamp\www\dingcan\dingcan\thinkphp\lang\zh-cn.php
[ info ] [ ROUTE ] array (
  'type' => 'module',
  'module' => 
  array (
    0 => 'index',
    1 => 'user',
    2 => 'account',
  ),
)
[ info ] [ HEADER ] array (
  'host' => 'www.xiangmu.com',
  'connection' => 'keep-alive',
  'upgrade-insecure-requests' => '1',
  'user-agent' => 'Mozilla/5.0 (Windows NT 6.1) AppleWebKit/537.36 (KHTML, like Gecko) Chrome/58.0.3029.110 Safari/537.36',
  'accept' => 'text/html,application/xhtml+xml,application/xml;q=0.9,image/webp,*/*;q=0.8',
  'referer' => 'http://www.xiangmu.com/index/user/account',
  'accept-encoding' => 'gzip, deflate, sdch',
  'accept-language' => 'zh-CN,zh;q=0.8',
)
[ info ] [ PARAM ] array (
  'keyword' => '',
  'x' => '29',
  'y' => '18',
)
[ info ] [ RUN ] app\index\controller\User->account[ D:\wamp\www\dingcan\dingcan\application\index\controller\User.php ]
[ info ] [ VIEW ] D:\wamp\www\dingcan\dingcan\public/../application/index\view\user\account.html [ array (
) ]
[ info ] [ LOG ] INIT File
---------------------------------------------------------------
[ 2017-08-20T14:50:50+08:00 ] ::1 ::1 GET /index/user/account?keyword=&x=29&y=18
[ info ] www.xiangmu.com/index/user/account?keyword=&x=29&y=18 [运行时间：0.060003s][吞吐率：16.67req/s] [内存消耗：2,085.30kb] [文件加载：49]
[ info ] [ LANG ] D:\wamp\www\dingcan\dingcan\thinkphp\lang\zh-cn.php
[ info ] [ ROUTE ] array (
  'type' => 'module',
  'module' => 
  array (
    0 => 'index',
    1 => 'user',
    2 => 'account',
  ),
)
[ info ] [ HEADER ] array (
  'host' => 'www.xiangmu.com',
  'connection' => 'keep-alive',
  'cache-control' => 'max-age=0',
  'upgrade-insecure-requests' => '1',
  'user-agent' => 'Mozilla/5.0 (Windows NT 6.1) AppleWebKit/537.36 (KHTML, like Gecko) Chrome/58.0.3029.110 Safari/537.36',
  'accept' => 'text/html,application/xhtml+xml,application/xml;q=0.9,image/webp,*/*;q=0.8',
  'referer' => 'http://www.xiangmu.com/index/user/account',
  'accept-encoding' => 'gzip, deflate, sdch',
  'accept-language' => 'zh-CN,zh;q=0.8',
)
[ info ] [ PARAM ] array (
  'keyword' => '',
  'x' => '29',
  'y' => '18',
)
[ info ] [ RUN ] app\index\controller\User->account[ D:\wamp\www\dingcan\dingcan\application\index\controller\User.php ]
[ info ] [ VIEW ] D:\wamp\www\dingcan\dingcan\public/../application/index\view\user\account.html [ array (
) ]
[ info ] [ LOG ] INIT File
---------------------------------------------------------------
[ 2017-08-20T14:50:51+08:00 ] ::1 ::1 GET /index/user/account?keyword=&x=29&y=18
[ info ] www.xiangmu.com/index/user/account?keyword=&x=29&y=18 [运行时间：0.083005s][吞吐率：12.05req/s] [内存消耗：1,911.77kb] [文件加载：47]
[ info ] [ LANG ] D:\wamp\www\dingcan\dingcan\thinkphp\lang\zh-cn.php
[ info ] [ ROUTE ] array (
  'type' => 'module',
  'module' => 
  array (
    0 => 'index',
    1 => 'user',
    2 => 'account',
  ),
)
[ info ] [ HEADER ] array (
  'host' => 'www.xiangmu.com',
  'connection' => 'keep-alive',
  'cache-control' => 'max-age=0',
  'upgrade-insecure-requests' => '1',
  'user-agent' => 'Mozilla/5.0 (Windows NT 6.1) AppleWebKit/537.36 (KHTML, like Gecko) Chrome/58.0.3029.110 Safari/537.36',
  'accept' => 'text/html,application/xhtml+xml,application/xml;q=0.9,image/webp,*/*;q=0.8',
  'referer' => 'http://www.xiangmu.com/index/user/account',
  'accept-encoding' => 'gzip, deflate, sdch',
  'accept-language' => 'zh-CN,zh;q=0.8',
)
[ info ] [ PARAM ] array (
  'keyword' => '',
  'x' => '29',
  'y' => '18',
)
[ info ] [ RUN ] app\index\controller\User->account[ D:\wamp\www\dingcan\dingcan\application\index\controller\User.php ]
[ info ] [ VIEW ] D:\wamp\www\dingcan\dingcan\public/../application/index\view\user\account.html [ array (
) ]
[ info ] [ LOG ] INIT File
---------------------------------------------------------------
[ 2017-08-20T14:51:33+08:00 ] ::1 ::1 GET /index/user/account?keyword=&x=29&y=18
[ info ] www.xiangmu.com/index/user/account?keyword=&x=29&y=18 [运行时间：0.127008s][吞吐率：7.87req/s] [内存消耗：2,085.30kb] [文件加载：49]
[ info ] [ LANG ] D:\wamp\www\dingcan\dingcan\thinkphp\lang\zh-cn.php
[ info ] [ ROUTE ] array (
  'type' => 'module',
  'module' => 
  array (
    0 => 'index',
    1 => 'user',
    2 => 'account',
  ),
)
[ info ] [ HEADER ] array (
  'host' => 'www.xiangmu.com',
  'connection' => 'keep-alive',
  'cache-control' => 'max-age=0',
  'upgrade-insecure-requests' => '1',
  'user-agent' => 'Mozilla/5.0 (Windows NT 6.1) AppleWebKit/537.36 (KHTML, like Gecko) Chrome/58.0.3029.110 Safari/537.36',
  'accept' => 'text/html,application/xhtml+xml,application/xml;q=0.9,image/webp,*/*;q=0.8',
  'referer' => 'http://www.xiangmu.com/index/user/account',
  'accept-encoding' => 'gzip, deflate, sdch',
  'accept-language' => 'zh-CN,zh;q=0.8',
)
[ info ] [ PARAM ] array (
  'keyword' => '',
  'x' => '29',
  'y' => '18',
)
[ info ] [ RUN ] app\index\controller\User->account[ D:\wamp\www\dingcan\dingcan\application\index\controller\User.php ]
[ info ] [ VIEW ] D:\wamp\www\dingcan\dingcan\public/../application/index\view\user\account.html [ array (
) ]
[ info ] [ LOG ] INIT File
---------------------------------------------------------------
[ 2017-08-20T14:51:41+08:00 ] ::1 ::1 GET /index/user/account?keyword=&x=29&y=18
[ info ] www.xiangmu.com/index/user/account?keyword=&x=29&y=18 [运行时间：0.062003s][吞吐率：16.13req/s] [内存消耗：2,085.30kb] [文件加载：49]
[ info ] [ LANG ] D:\wamp\www\dingcan\dingcan\thinkphp\lang\zh-cn.php
[ info ] [ ROUTE ] array (
  'type' => 'module',
  'module' => 
  array (
    0 => 'index',
    1 => 'user',
    2 => 'account',
  ),
)
[ info ] [ HEADER ] array (
  'host' => 'www.xiangmu.com',
  'connection' => 'keep-alive',
  'cache-control' => 'max-age=0',
  'upgrade-insecure-requests' => '1',
  'user-agent' => 'Mozilla/5.0 (Windows NT 6.1) AppleWebKit/537.36 (KHTML, like Gecko) Chrome/58.0.3029.110 Safari/537.36',
  'accept' => 'text/html,application/xhtml+xml,application/xml;q=0.9,image/webp,*/*;q=0.8',
  'referer' => 'http://www.xiangmu.com/index/user/account',
  'accept-encoding' => 'gzip, deflate, sdch',
  'accept-language' => 'zh-CN,zh;q=0.8',
)
[ info ] [ PARAM ] array (
  'keyword' => '',
  'x' => '29',
  'y' => '18',
)
[ info ] [ RUN ] app\index\controller\User->account[ D:\wamp\www\dingcan\dingcan\application\index\controller\User.php ]
[ info ] [ VIEW ] D:\wamp\www\dingcan\dingcan\public/../application/index\view\user\account.html [ array (
) ]
[ info ] [ LOG ] INIT File
---------------------------------------------------------------
[ 2017-08-20T14:51:42+08:00 ] ::1 ::1 GET /index/user/account?keyword=&x=29&y=18
[ info ] www.xiangmu.com/index/user/account?keyword=&x=29&y=18 [运行时间：0.063004s][吞吐率：15.87req/s] [内存消耗：1,911.77kb] [文件加载：47]
[ info ] [ LANG ] D:\wamp\www\dingcan\dingcan\thinkphp\lang\zh-cn.php
[ info ] [ ROUTE ] array (
  'type' => 'module',
  'module' => 
  array (
    0 => 'index',
    1 => 'user',
    2 => 'account',
  ),
)
[ info ] [ HEADER ] array (
  'host' => 'www.xiangmu.com',
  'connection' => 'keep-alive',
  'cache-control' => 'max-age=0',
  'upgrade-insecure-requests' => '1',
  'user-agent' => 'Mozilla/5.0 (Windows NT 6.1) AppleWebKit/537.36 (KHTML, like Gecko) Chrome/58.0.3029.110 Safari/537.36',
  'accept' => 'text/html,application/xhtml+xml,application/xml;q=0.9,image/webp,*/*;q=0.8',
  'referer' => 'http://www.xiangmu.com/index/user/account',
  'accept-encoding' => 'gzip, deflate, sdch',
  'accept-language' => 'zh-CN,zh;q=0.8',
)
[ info ] [ PARAM ] array (
  'keyword' => '',
  'x' => '29',
  'y' => '18',
)
[ info ] [ RUN ] app\index\controller\User->account[ D:\wamp\www\dingcan\dingcan\application\index\controller\User.php ]
[ info ] [ VIEW ] D:\wamp\www\dingcan\dingcan\public/../application/index\view\user\account.html [ array (
) ]
[ info ] [ LOG ] INIT File
---------------------------------------------------------------
[ 2017-08-20T14:51:49+08:00 ] ::1 ::1 GET /index/user/account?keyword=&x=29&y=18
[ info ] www.xiangmu.com/index/user/account?keyword=&x=29&y=18 [运行时间：0.068004s][吞吐率：14.71req/s] [内存消耗：2,085.30kb] [文件加载：49]
[ info ] [ LANG ] D:\wamp\www\dingcan\dingcan\thinkphp\lang\zh-cn.php
[ info ] [ ROUTE ] array (
  'type' => 'module',
  'module' => 
  array (
    0 => 'index',
    1 => 'user',
    2 => 'account',
  ),
)
[ info ] [ HEADER ] array (
  'host' => 'www.xiangmu.com',
  'connection' => 'keep-alive',
  'cache-control' => 'max-age=0',
  'upgrade-insecure-requests' => '1',
  'user-agent' => 'Mozilla/5.0 (Windows NT 6.1) AppleWebKit/537.36 (KHTML, like Gecko) Chrome/58.0.3029.110 Safari/537.36',
  'accept' => 'text/html,application/xhtml+xml,application/xml;q=0.9,image/webp,*/*;q=0.8',
  'referer' => 'http://www.xiangmu.com/index/user/account',
  'accept-encoding' => 'gzip, deflate, sdch',
  'accept-language' => 'zh-CN,zh;q=0.8',
)
[ info ] [ PARAM ] array (
  'keyword' => '',
  'x' => '29',
  'y' => '18',
)
[ info ] [ RUN ] app\index\controller\User->account[ D:\wamp\www\dingcan\dingcan\application\index\controller\User.php ]
[ info ] [ VIEW ] D:\wamp\www\dingcan\dingcan\public/../application/index\view\user\account.html [ array (
) ]
[ info ] [ LOG ] INIT File
---------------------------------------------------------------
[ 2017-08-20T14:52:12+08:00 ] ::1 ::1 GET /index/user/account?keyword=&x=29&y=18
[ info ] www.xiangmu.com/index/user/account?keyword=&x=29&y=18 [运行时间：0.080005s][吞吐率：12.50req/s] [内存消耗：2,085.30kb] [文件加载：49]
[ info ] [ LANG ] D:\wamp\www\dingcan\dingcan\thinkphp\lang\zh-cn.php
[ info ] [ ROUTE ] array (
  'type' => 'module',
  'module' => 
  array (
    0 => 'index',
    1 => 'user',
    2 => 'account',
  ),
)
[ info ] [ HEADER ] array (
  'host' => 'www.xiangmu.com',
  'connection' => 'keep-alive',
  'cache-control' => 'max-age=0',
  'upgrade-insecure-requests' => '1',
  'user-agent' => 'Mozilla/5.0 (Windows NT 6.1) AppleWebKit/537.36 (KHTML, like Gecko) Chrome/58.0.3029.110 Safari/537.36',
  'accept' => 'text/html,application/xhtml+xml,application/xml;q=0.9,image/webp,*/*;q=0.8',
  'referer' => 'http://www.xiangmu.com/index/user/account',
  'accept-encoding' => 'gzip, deflate, sdch',
  'accept-language' => 'zh-CN,zh;q=0.8',
)
[ info ] [ PARAM ] array (
  'keyword' => '',
  'x' => '29',
  'y' => '18',
)
[ info ] [ RUN ] app\index\controller\User->account[ D:\wamp\www\dingcan\dingcan\application\index\controller\User.php ]
[ info ] [ VIEW ] D:\wamp\www\dingcan\dingcan\public/../application/index\view\user\account.html [ array (
) ]
[ info ] [ LOG ] INIT File
---------------------------------------------------------------
[ 2017-08-20T14:52:18+08:00 ] ::1 ::1 GET /index/user/account?keyword=&x=29&y=18
[ info ] www.xiangmu.com/index/user/account?keyword=&x=29&y=18 [运行时间：0.075004s][吞吐率：13.33req/s] [内存消耗：2,085.30kb] [文件加载：49]
[ info ] [ LANG ] D:\wamp\www\dingcan\dingcan\thinkphp\lang\zh-cn.php
[ info ] [ ROUTE ] array (
  'type' => 'module',
  'module' => 
  array (
    0 => 'index',
    1 => 'user',
    2 => 'account',
  ),
)
[ info ] [ HEADER ] array (
  'host' => 'www.xiangmu.com',
  'connection' => 'keep-alive',
  'cache-control' => 'max-age=0',
  'upgrade-insecure-requests' => '1',
  'user-agent' => 'Mozilla/5.0 (Windows NT 6.1) AppleWebKit/537.36 (KHTML, like Gecko) Chrome/58.0.3029.110 Safari/537.36',
  'accept' => 'text/html,application/xhtml+xml,application/xml;q=0.9,image/webp,*/*;q=0.8',
  'referer' => 'http://www.xiangmu.com/index/user/account',
  'accept-encoding' => 'gzip, deflate, sdch',
  'accept-language' => 'zh-CN,zh;q=0.8',
)
[ info ] [ PARAM ] array (
  'keyword' => '',
  'x' => '29',
  'y' => '18',
)
[ info ] [ RUN ] app\index\controller\User->account[ D:\wamp\www\dingcan\dingcan\application\index\controller\User.php ]
[ info ] [ VIEW ] D:\wamp\www\dingcan\dingcan\public/../application/index\view\user\account.html [ array (
) ]
[ info ] [ LOG ] INIT File
---------------------------------------------------------------
[ 2017-08-20T14:52:24+08:00 ] ::1 ::1 GET /index/user/account?keyword=&x=29&y=18
[ info ] www.xiangmu.com/index/user/account?keyword=&x=29&y=18 [运行时间：0.076004s][吞吐率：13.16req/s] [内存消耗：2,085.30kb] [文件加载：49]
[ info ] [ LANG ] D:\wamp\www\dingcan\dingcan\thinkphp\lang\zh-cn.php
[ info ] [ ROUTE ] array (
  'type' => 'module',
  'module' => 
  array (
    0 => 'index',
    1 => 'user',
    2 => 'account',
  ),
)
[ info ] [ HEADER ] array (
  'host' => 'www.xiangmu.com',
  'connection' => 'keep-alive',
  'cache-control' => 'max-age=0',
  'upgrade-insecure-requests' => '1',
  'user-agent' => 'Mozilla/5.0 (Windows NT 6.1) AppleWebKit/537.36 (KHTML, like Gecko) Chrome/58.0.3029.110 Safari/537.36',
  'accept' => 'text/html,application/xhtml+xml,application/xml;q=0.9,image/webp,*/*;q=0.8',
  'referer' => 'http://www.xiangmu.com/index/user/account',
  'accept-encoding' => 'gzip, deflate, sdch',
  'accept-language' => 'zh-CN,zh;q=0.8',
)
[ info ] [ PARAM ] array (
  'keyword' => '',
  'x' => '29',
  'y' => '18',
)
[ info ] [ RUN ] app\index\controller\User->account[ D:\wamp\www\dingcan\dingcan\application\index\controller\User.php ]
[ info ] [ VIEW ] D:\wamp\www\dingcan\dingcan\public/../application/index\view\user\account.html [ array (
) ]
[ info ] [ LOG ] INIT File
---------------------------------------------------------------
[ 2017-08-20T14:52:30+08:00 ] ::1 ::1 GET /index/user/account?keyword=&x=29&y=18
[ info ] www.xiangmu.com/index/user/account?keyword=&x=29&y=18 [运行时间：0.059003s][吞吐率：16.95req/s] [内存消耗：2,085.30kb] [文件加载：49]
[ info ] [ LANG ] D:\wamp\www\dingcan\dingcan\thinkphp\lang\zh-cn.php
[ info ] [ ROUTE ] array (
  'type' => 'module',
  'module' => 
  array (
    0 => 'index',
    1 => 'user',
    2 => 'account',
  ),
)
[ info ] [ HEADER ] array (
  'host' => 'www.xiangmu.com',
  'connection' => 'keep-alive',
  'cache-control' => 'max-age=0',
  'upgrade-insecure-requests' => '1',
  'user-agent' => 'Mozilla/5.0 (Windows NT 6.1) AppleWebKit/537.36 (KHTML, like Gecko) Chrome/58.0.3029.110 Safari/537.36',
  'accept' => 'text/html,application/xhtml+xml,application/xml;q=0.9,image/webp,*/*;q=0.8',
  'referer' => 'http://www.xiangmu.com/index/user/account',
  'accept-encoding' => 'gzip, deflate, sdch',
  'accept-language' => 'zh-CN,zh;q=0.8',
)
[ info ] [ PARAM ] array (
  'keyword' => '',
  'x' => '29',
  'y' => '18',
)
[ info ] [ RUN ] app\index\controller\User->account[ D:\wamp\www\dingcan\dingcan\application\index\controller\User.php ]
[ info ] [ VIEW ] D:\wamp\www\dingcan\dingcan\public/../application/index\view\user\account.html [ array (
) ]
[ info ] [ LOG ] INIT File
---------------------------------------------------------------
[ 2017-08-20T14:52:35+08:00 ] ::1 ::1 GET /index/user/account?keyword=&x=29&y=18
[ info ] www.xiangmu.com/index/user/account?keyword=&x=29&y=18 [运行时间：0.063004s][吞吐率：15.87req/s] [内存消耗：2,085.30kb] [文件加载：49]
[ info ] [ LANG ] D:\wamp\www\dingcan\dingcan\thinkphp\lang\zh-cn.php
[ info ] [ ROUTE ] array (
  'type' => 'module',
  'module' => 
  array (
    0 => 'index',
    1 => 'user',
    2 => 'account',
  ),
)
[ info ] [ HEADER ] array (
  'host' => 'www.xiangmu.com',
  'connection' => 'keep-alive',
  'cache-control' => 'max-age=0',
  'upgrade-insecure-requests' => '1',
  'user-agent' => 'Mozilla/5.0 (Windows NT 6.1) AppleWebKit/537.36 (KHTML, like Gecko) Chrome/58.0.3029.110 Safari/537.36',
  'accept' => 'text/html,application/xhtml+xml,application/xml;q=0.9,image/webp,*/*;q=0.8',
  'referer' => 'http://www.xiangmu.com/index/user/account',
  'accept-encoding' => 'gzip, deflate, sdch',
  'accept-language' => 'zh-CN,zh;q=0.8',
)
[ info ] [ PARAM ] array (
  'keyword' => '',
  'x' => '29',
  'y' => '18',
)
[ info ] [ RUN ] app\index\controller\User->account[ D:\wamp\www\dingcan\dingcan\application\index\controller\User.php ]
[ info ] [ VIEW ] D:\wamp\www\dingcan\dingcan\public/../application/index\view\user\account.html [ array (
) ]
[ info ] [ LOG ] INIT File
---------------------------------------------------------------
[ 2017-08-20T14:52:39+08:00 ] ::1 ::1 GET /index/user/account?keyword=&x=29&y=18
[ info ] www.xiangmu.com/index/user/account?keyword=&x=29&y=18 [运行时间：0.078005s][吞吐率：12.82req/s] [内存消耗：2,085.30kb] [文件加载：49]
[ info ] [ LANG ] D:\wamp\www\dingcan\dingcan\thinkphp\lang\zh-cn.php
[ info ] [ ROUTE ] array (
  'type' => 'module',
  'module' => 
  array (
    0 => 'index',
    1 => 'user',
    2 => 'account',
  ),
)
[ info ] [ HEADER ] array (
  'host' => 'www.xiangmu.com',
  'connection' => 'keep-alive',
  'cache-control' => 'max-age=0',
  'upgrade-insecure-requests' => '1',
  'user-agent' => 'Mozilla/5.0 (Windows NT 6.1) AppleWebKit/537.36 (KHTML, like Gecko) Chrome/58.0.3029.110 Safari/537.36',
  'accept' => 'text/html,application/xhtml+xml,application/xml;q=0.9,image/webp,*/*;q=0.8',
  'referer' => 'http://www.xiangmu.com/index/user/account',
  'accept-encoding' => 'gzip, deflate, sdch',
  'accept-language' => 'zh-CN,zh;q=0.8',
)
[ info ] [ PARAM ] array (
  'keyword' => '',
  'x' => '29',
  'y' => '18',
)
[ info ] [ RUN ] app\index\controller\User->account[ D:\wamp\www\dingcan\dingcan\application\index\controller\User.php ]
[ info ] [ VIEW ] D:\wamp\www\dingcan\dingcan\public/../application/index\view\user\account.html [ array (
) ]
[ info ] [ LOG ] INIT File
---------------------------------------------------------------
[ 2017-08-20T14:52:44+08:00 ] ::1 ::1 GET /index/user/account?keyword=&x=29&y=18
[ info ] www.xiangmu.com/index/user/account?keyword=&x=29&y=18 [运行时间：0.100006s][吞吐率：10.00req/s] [内存消耗：2,085.30kb] [文件加载：49]
[ info ] [ LANG ] D:\wamp\www\dingcan\dingcan\thinkphp\lang\zh-cn.php
[ info ] [ ROUTE ] array (
  'type' => 'module',
  'module' => 
  array (
    0 => 'index',
    1 => 'user',
    2 => 'account',
  ),
)
[ info ] [ HEADER ] array (
  'host' => 'www.xiangmu.com',
  'connection' => 'keep-alive',
  'cache-control' => 'max-age=0',
  'upgrade-insecure-requests' => '1',
  'user-agent' => 'Mozilla/5.0 (Windows NT 6.1) AppleWebKit/537.36 (KHTML, like Gecko) Chrome/58.0.3029.110 Safari/537.36',
  'accept' => 'text/html,application/xhtml+xml,application/xml;q=0.9,image/webp,*/*;q=0.8',
  'referer' => 'http://www.xiangmu.com/index/user/account',
  'accept-encoding' => 'gzip, deflate, sdch',
  'accept-language' => 'zh-CN,zh;q=0.8',
)
[ info ] [ PARAM ] array (
  'keyword' => '',
  'x' => '29',
  'y' => '18',
)
[ info ] [ RUN ] app\index\controller\User->account[ D:\wamp\www\dingcan\dingcan\application\index\controller\User.php ]
[ info ] [ VIEW ] D:\wamp\www\dingcan\dingcan\public/../application/index\view\user\account.html [ array (
) ]
[ info ] [ LOG ] INIT File
---------------------------------------------------------------
[ 2017-08-20T14:52:49+08:00 ] ::1 ::1 GET /index/user/account?keyword=&x=29&y=18
[ info ] www.xiangmu.com/index/user/account?keyword=&x=29&y=18 [运行时间：0.060004s][吞吐率：16.67req/s] [内存消耗：2,085.30kb] [文件加载：49]
[ info ] [ LANG ] D:\wamp\www\dingcan\dingcan\thinkphp\lang\zh-cn.php
[ info ] [ ROUTE ] array (
  'type' => 'module',
  'module' => 
  array (
    0 => 'index',
    1 => 'user',
    2 => 'account',
  ),
)
[ info ] [ HEADER ] array (
  'host' => 'www.xiangmu.com',
  'connection' => 'keep-alive',
  'cache-control' => 'max-age=0',
  'upgrade-insecure-requests' => '1',
  'user-agent' => 'Mozilla/5.0 (Windows NT 6.1) AppleWebKit/537.36 (KHTML, like Gecko) Chrome/58.0.3029.110 Safari/537.36',
  'accept' => 'text/html,application/xhtml+xml,application/xml;q=0.9,image/webp,*/*;q=0.8',
  'referer' => 'http://www.xiangmu.com/index/user/account',
  'accept-encoding' => 'gzip, deflate, sdch',
  'accept-language' => 'zh-CN,zh;q=0.8',
)
[ info ] [ PARAM ] array (
  'keyword' => '',
  'x' => '29',
  'y' => '18',
)
[ info ] [ RUN ] app\index\controller\User->account[ D:\wamp\www\dingcan\dingcan\application\index\controller\User.php ]
[ info ] [ VIEW ] D:\wamp\www\dingcan\dingcan\public/../application/index\view\user\account.html [ array (
) ]
[ info ] [ LOG ] INIT File
---------------------------------------------------------------
[ 2017-08-20T14:53:00+08:00 ] ::1 ::1 GET /index/user/account?keyword=&x=29&y=18
[ info ] www.xiangmu.com/index/user/account?keyword=&x=29&y=18 [运行时间：0.068004s][吞吐率：14.71req/s] [内存消耗：2,085.30kb] [文件加载：49]
[ info ] [ LANG ] D:\wamp\www\dingcan\dingcan\thinkphp\lang\zh-cn.php
[ info ] [ ROUTE ] array (
  'type' => 'module',
  'module' => 
  array (
    0 => 'index',
    1 => 'user',
    2 => 'account',
  ),
)
[ info ] [ HEADER ] array (
  'host' => 'www.xiangmu.com',
  'connection' => 'keep-alive',
  'cache-control' => 'max-age=0',
  'upgrade-insecure-requests' => '1',
  'user-agent' => 'Mozilla/5.0 (Windows NT 6.1) AppleWebKit/537.36 (KHTML, like Gecko) Chrome/58.0.3029.110 Safari/537.36',
  'accept' => 'text/html,application/xhtml+xml,application/xml;q=0.9,image/webp,*/*;q=0.8',
  'referer' => 'http://www.xiangmu.com/index/user/account',
  'accept-encoding' => 'gzip, deflate, sdch',
  'accept-language' => 'zh-CN,zh;q=0.8',
)
[ info ] [ PARAM ] array (
  'keyword' => '',
  'x' => '29',
  'y' => '18',
)
[ info ] [ RUN ] app\index\controller\User->account[ D:\wamp\www\dingcan\dingcan\application\index\controller\User.php ]
[ info ] [ VIEW ] D:\wamp\www\dingcan\dingcan\public/../application/index\view\user\account.html [ array (
) ]
[ info ] [ LOG ] INIT File
---------------------------------------------------------------
[ 2017-08-20T14:53:25+08:00 ] ::1 ::1 GET /index/user/account?keyword=&x=29&y=18
[ info ] www.xiangmu.com/index/user/account?keyword=&x=29&y=18 [运行时间：0.057003s][吞吐率：17.54req/s] [内存消耗：2,085.30kb] [文件加载：49]
[ info ] [ LANG ] D:\wamp\www\dingcan\dingcan\thinkphp\lang\zh-cn.php
[ info ] [ ROUTE ] array (
  'type' => 'module',
  'module' => 
  array (
    0 => 'index',
    1 => 'user',
    2 => 'account',
  ),
)
[ info ] [ HEADER ] array (
  'host' => 'www.xiangmu.com',
  'connection' => 'keep-alive',
  'cache-control' => 'max-age=0',
  'upgrade-insecure-requests' => '1',
  'user-agent' => 'Mozilla/5.0 (Windows NT 6.1) AppleWebKit/537.36 (KHTML, like Gecko) Chrome/58.0.3029.110 Safari/537.36',
  'accept' => 'text/html,application/xhtml+xml,application/xml;q=0.9,image/webp,*/*;q=0.8',
  'referer' => 'http://www.xiangmu.com/index/user/account',
  'accept-encoding' => 'gzip, deflate, sdch',
  'accept-language' => 'zh-CN,zh;q=0.8',
)
[ info ] [ PARAM ] array (
  'keyword' => '',
  'x' => '29',
  'y' => '18',
)
[ info ] [ RUN ] app\index\controller\User->account[ D:\wamp\www\dingcan\dingcan\application\index\controller\User.php ]
[ info ] [ VIEW ] D:\wamp\www\dingcan\dingcan\public/../application/index\view\user\account.html [ array (
) ]
[ info ] [ LOG ] INIT File
---------------------------------------------------------------
[ 2017-08-20T14:56:04+08:00 ] ::1 ::1 GET /index/user/account?keyword=&x=29&y=18
[ info ] www.xiangmu.com/index/user/account?keyword=&x=29&y=18 [运行时间：0.072004s][吞吐率：13.89req/s] [内存消耗：1,911.77kb] [文件加载：47]
[ info ] [ LANG ] D:\wamp\www\dingcan\dingcan\thinkphp\lang\zh-cn.php
[ info ] [ ROUTE ] array (
  'type' => 'module',
  'module' => 
  array (
    0 => 'index',
    1 => 'user',
    2 => 'account',
  ),
)
[ info ] [ HEADER ] array (
  'host' => 'www.xiangmu.com',
  'connection' => 'keep-alive',
  'cache-control' => 'max-age=0',
  'upgrade-insecure-requests' => '1',
  'user-agent' => 'Mozilla/5.0 (Windows NT 6.1) AppleWebKit/537.36 (KHTML, like Gecko) Chrome/58.0.3029.110 Safari/537.36',
  'accept' => 'text/html,application/xhtml+xml,application/xml;q=0.9,image/webp,*/*;q=0.8',
  'referer' => 'http://www.xiangmu.com/index/user/account',
  'accept-encoding' => 'gzip, deflate, sdch',
  'accept-language' => 'zh-CN,zh;q=0.8',
)
[ info ] [ PARAM ] array (
  'keyword' => '',
  'x' => '29',
  'y' => '18',
)
[ info ] [ RUN ] app\index\controller\User->account[ D:\wamp\www\dingcan\dingcan\application\index\controller\User.php ]
[ info ] [ VIEW ] D:\wamp\www\dingcan\dingcan\public/../application/index\view\user\account.html [ array (
) ]
[ info ] [ LOG ] INIT File
